<?xml version="1.0" encoding="UTF-8"?>
<robot generator="Robot 6.1.1 (Python 3.11.0 on win32)" generated="20231120 17:38:44.675" rpa="false" schemaversion="4">
<suite id="s1" name="Tests" source="C:\Users\nikih\ohtupalautusrepo\viikko3\web-login\src\tests">
<suite id="s1-s1" name="Home" source="C:\Users\nikih\ohtupalautusrepo\viikko3\web-login\src\tests\home.robot">
<kw name="Open And Configure Browser" library="resource" type="SETUP">
<kw name="Evaluate" library="BuiltIn">
<var>${options}</var>
<arg>sys.modules['selenium.webdriver'].ChromeOptions()</arg>
<arg>sys</arg>
<doc>Evaluates the given expression in Python and returns the result.</doc>
<msg timestamp="20231120 17:38:46.874" level="INFO">${options} = &lt;selenium.webdriver.chrome.options.Options object at 0x00000225C804BA50&gt;</msg>
<status status="PASS" starttime="20231120 17:38:46.874" endtime="20231120 17:38:46.874"/>
</kw>
<kw name="Call Method" library="BuiltIn">
<arg>${options}</arg>
<arg>add_argument</arg>
<arg>--no-sandbox</arg>
<doc>Calls the named method of the given object with the provided arguments.</doc>
<status status="PASS" starttime="20231120 17:38:46.874" endtime="20231120 17:38:46.874"/>
</kw>
<kw name="Open Browser" library="SeleniumLibrary">
<arg>browser=chrome</arg>
<arg>options=${options}</arg>
<doc>Opens a new browser instance to the optional ``url``.</doc>
<msg timestamp="20231120 17:38:46.874" level="INFO">Opening browser 'chrome' to base url 'None'.</msg>
<status status="PASS" starttime="20231120 17:38:46.874" endtime="20231120 17:38:48.094"/>
</kw>
<kw name="Set Selenium Speed" library="SeleniumLibrary">
<arg>${DELAY}</arg>
<doc>Sets the delay that is waited after each Selenium command.</doc>
<status status="PASS" starttime="20231120 17:38:48.094" endtime="20231120 17:38:48.095"/>
</kw>
<status status="PASS" starttime="20231120 17:38:46.874" endtime="20231120 17:38:48.095"/>
</kw>
<test id="s1-s1-t1" name="Click Login Link" line="8">
<kw name="Go To Starting Page" type="SETUP">
<kw name="Go To" library="SeleniumLibrary">
<arg>${HOME_URL}</arg>
<doc>Navigates the current browser window to the provided ``url``.</doc>
<msg timestamp="20231120 17:38:48.095" level="INFO">Opening url 'http://localhost:5001'</msg>
<status status="PASS" starttime="20231120 17:38:48.095" endtime="20231120 17:38:48.928"/>
</kw>
<kw name="Main Page Should Be Open" library="resource">
<kw name="Title Should Be" library="SeleniumLibrary">
<arg>Ohtu Application main page</arg>
<doc>Verifies that the current page title equals ``title``.</doc>
<msg timestamp="20231120 17:38:49.432" level="INFO">Page title is 'Ohtu Application main page'.</msg>
<status status="PASS" starttime="20231120 17:38:48.928" endtime="20231120 17:38:49.432"/>
</kw>
<status status="PASS" starttime="20231120 17:38:48.928" endtime="20231120 17:38:49.432"/>
</kw>
<status status="PASS" starttime="20231120 17:38:48.095" endtime="20231120 17:38:49.432"/>
</kw>
<kw name="Click Link" library="SeleniumLibrary">
<arg>Login</arg>
<doc>Clicks a link identified by ``locator``.</doc>
<msg timestamp="20231120 17:38:49.432" level="INFO">Clicking link 'Login'.</msg>
<status status="PASS" starttime="20231120 17:38:49.432" endtime="20231120 17:38:50.990"/>
</kw>
<kw name="Login Page Should Be Open" library="resource">
<kw name="Title Should Be" library="SeleniumLibrary">
<arg>Login</arg>
<doc>Verifies that the current page title equals ``title``.</doc>
<msg timestamp="20231120 17:38:51.493" level="INFO">Page title is 'Login'.</msg>
<status status="PASS" starttime="20231120 17:38:50.990" endtime="20231120 17:38:51.493"/>
</kw>
<status status="PASS" starttime="20231120 17:38:50.990" endtime="20231120 17:38:51.493"/>
</kw>
<status status="PASS" starttime="20231120 17:38:48.095" endtime="20231120 17:38:51.493"/>
</test>
<test id="s1-s1-t2" name="Click Register Link" line="12">
<kw name="Go To Starting Page" type="SETUP">
<kw name="Go To" library="SeleniumLibrary">
<arg>${HOME_URL}</arg>
<doc>Navigates the current browser window to the provided ``url``.</doc>
<msg timestamp="20231120 17:38:51.494" level="INFO">Opening url 'http://localhost:5001'</msg>
<status status="PASS" starttime="20231120 17:38:51.493" endtime="20231120 17:38:52.008"/>
</kw>
<kw name="Main Page Should Be Open" library="resource">
<kw name="Title Should Be" library="SeleniumLibrary">
<arg>Ohtu Application main page</arg>
<doc>Verifies that the current page title equals ``title``.</doc>
<msg timestamp="20231120 17:38:52.512" level="INFO">Page title is 'Ohtu Application main page'.</msg>
<status status="PASS" starttime="20231120 17:38:52.008" endtime="20231120 17:38:52.512"/>
</kw>
<status status="PASS" starttime="20231120 17:38:52.008" endtime="20231120 17:38:52.512"/>
</kw>
<status status="PASS" starttime="20231120 17:38:51.493" endtime="20231120 17:38:52.512"/>
</kw>
<kw name="Click Link" library="SeleniumLibrary">
<arg>Register new user</arg>
<doc>Clicks a link identified by ``locator``.</doc>
<msg timestamp="20231120 17:38:52.512" level="INFO">Clicking link 'Register new user'.</msg>
<status status="PASS" starttime="20231120 17:38:52.512" endtime="20231120 17:38:54.058"/>
</kw>
<kw name="Register Page Should Be Open" library="resource">
<kw name="Title Should Be" library="SeleniumLibrary">
<arg>Register</arg>
<doc>Verifies that the current page title equals ``title``.</doc>
<msg timestamp="20231120 17:38:54.561" level="INFO">Page title is 'Register'.</msg>
<status status="PASS" starttime="20231120 17:38:54.058" endtime="20231120 17:38:54.561"/>
</kw>
<status status="PASS" starttime="20231120 17:38:54.058" endtime="20231120 17:38:54.561"/>
</kw>
<status status="PASS" starttime="20231120 17:38:51.493" endtime="20231120 17:38:54.561"/>
</test>
<kw name="Close Browser" library="SeleniumLibrary" type="TEARDOWN">
<doc>Closes the current browser.</doc>
<status status="PASS" starttime="20231120 17:38:54.561" endtime="20231120 17:38:57.114"/>
</kw>
<status status="PASS" starttime="20231120 17:38:44.689" endtime="20231120 17:38:57.114"/>
</suite>
<suite id="s1-s2" name="Login" source="C:\Users\nikih\ohtupalautusrepo\viikko3\web-login\src\tests\login.robot">
<kw name="Open And Configure Browser" library="resource" type="SETUP">
<kw name="Evaluate" library="BuiltIn">
<var>${options}</var>
<arg>sys.modules['selenium.webdriver'].ChromeOptions()</arg>
<arg>sys</arg>
<doc>Evaluates the given expression in Python and returns the result.</doc>
<msg timestamp="20231120 17:38:57.119" level="INFO">${options} = &lt;selenium.webdriver.chrome.options.Options object at 0x00000225C8D2E490&gt;</msg>
<status status="PASS" starttime="20231120 17:38:57.119" endtime="20231120 17:38:57.119"/>
</kw>
<kw name="Call Method" library="BuiltIn">
<arg>${options}</arg>
<arg>add_argument</arg>
<arg>--no-sandbox</arg>
<doc>Calls the named method of the given object with the provided arguments.</doc>
<status status="PASS" starttime="20231120 17:38:57.119" endtime="20231120 17:38:57.119"/>
</kw>
<kw name="Open Browser" library="SeleniumLibrary">
<arg>browser=chrome</arg>
<arg>options=${options}</arg>
<doc>Opens a new browser instance to the optional ``url``.</doc>
<msg timestamp="20231120 17:38:57.119" level="INFO">Opening browser 'chrome' to base url 'None'.</msg>
<status status="PASS" starttime="20231120 17:38:57.119" endtime="20231120 17:38:58.308"/>
</kw>
<kw name="Set Selenium Speed" library="SeleniumLibrary">
<arg>${DELAY}</arg>
<doc>Sets the delay that is waited after each Selenium command.</doc>
<status status="PASS" starttime="20231120 17:38:58.308" endtime="20231120 17:38:58.309"/>
</kw>
<status status="PASS" starttime="20231120 17:38:57.119" endtime="20231120 17:38:58.309"/>
</kw>
<test id="s1-s2-t1" name="Login With Correct Credentials" line="8">
<kw name="Create User And Go To Login Page" type="SETUP">
<kw name="Create User" library="AppLibrary">
<arg>kalle</arg>
<arg>kalle123</arg>
<status status="PASS" starttime="20231120 17:38:58.309" endtime="20231120 17:39:04.360"/>
</kw>
<kw name="Go To Login Page" library="resource">
<kw name="Go To" library="SeleniumLibrary">
<arg>${LOGIN_URL}</arg>
<doc>Navigates the current browser window to the provided ``url``.</doc>
<msg timestamp="20231120 17:39:04.361" level="INFO">Opening url 'http://localhost:5001/login'</msg>
<status status="PASS" starttime="20231120 17:39:04.361" endtime="20231120 17:39:05.197"/>
</kw>
<status status="PASS" starttime="20231120 17:39:04.360" endtime="20231120 17:39:05.197"/>
</kw>
<kw name="Login Page Should Be Open" library="resource">
<kw name="Title Should Be" library="SeleniumLibrary">
<arg>Login</arg>
<doc>Verifies that the current page title equals ``title``.</doc>
<msg timestamp="20231120 17:39:05.702" level="INFO">Page title is 'Login'.</msg>
<status status="PASS" starttime="20231120 17:39:05.197" endtime="20231120 17:39:05.702"/>
</kw>
<status status="PASS" starttime="20231120 17:39:05.197" endtime="20231120 17:39:05.702"/>
</kw>
<status status="PASS" starttime="20231120 17:38:58.309" endtime="20231120 17:39:05.702"/>
</kw>
<kw name="Set Username">
<arg>kalle</arg>
<kw name="Input Text" library="SeleniumLibrary">
<arg>username</arg>
<arg>${username}</arg>
<doc>Types the given ``text`` into the text field identified by ``locator``.</doc>
<msg timestamp="20231120 17:39:05.702" level="INFO">Typing text 'kalle' into text field 'username'.</msg>
<status status="PASS" starttime="20231120 17:39:05.702" endtime="20231120 17:39:07.263"/>
</kw>
<status status="PASS" starttime="20231120 17:39:05.702" endtime="20231120 17:39:07.263"/>
</kw>
<kw name="Set Password">
<arg>kalle123</arg>
<kw name="Input Password" library="SeleniumLibrary">
<arg>password</arg>
<arg>${password}</arg>
<doc>Types the given password into the text field identified by ``locator``.</doc>
<msg timestamp="20231120 17:39:07.263" level="INFO">Typing password into text field 'password'.</msg>
<msg timestamp="20231120 17:39:08.288" level="INFO">Temporally setting log level to: NONE</msg>
<msg timestamp="20231120 17:39:08.814" level="INFO">Log level changed from NONE to INFO.</msg>
<status status="PASS" starttime="20231120 17:39:07.263" endtime="20231120 17:39:08.814"/>
</kw>
<status status="PASS" starttime="20231120 17:39:07.263" endtime="20231120 17:39:08.814"/>
</kw>
<kw name="Submit Credentials">
<kw name="Click Button" library="SeleniumLibrary">
<arg>Login</arg>
<doc>Clicks the button identified by ``locator``.</doc>
<msg timestamp="20231120 17:39:08.814" level="INFO">Clicking button 'Login'.</msg>
<status status="PASS" starttime="20231120 17:39:08.814" endtime="20231120 17:39:11.192"/>
</kw>
<status status="PASS" starttime="20231120 17:39:08.814" endtime="20231120 17:39:11.192"/>
</kw>
<kw name="Login Should Succeed">
<kw name="Main Page Should Be Open" library="resource">
<kw name="Title Should Be" library="SeleniumLibrary">
<arg>Ohtu Application main page</arg>
<doc>Verifies that the current page title equals ``title``.</doc>
<msg timestamp="20231120 17:39:11.697" level="INFO">Page title is 'Ohtu Application main page'.</msg>
<status status="PASS" starttime="20231120 17:39:11.192" endtime="20231120 17:39:11.697"/>
</kw>
<status status="PASS" starttime="20231120 17:39:11.192" endtime="20231120 17:39:11.697"/>
</kw>
<status status="PASS" starttime="20231120 17:39:11.192" endtime="20231120 17:39:11.697"/>
</kw>
<status status="PASS" starttime="20231120 17:38:58.309" endtime="20231120 17:39:11.698"/>
</test>
<test id="s1-s2-t2" name="Login With Incorrect Password" line="14">
<kw name="Create User And Go To Login Page" type="SETUP">
<kw name="Create User" library="AppLibrary">
<arg>kalle</arg>
<arg>kalle123</arg>
<status status="PASS" starttime="20231120 17:39:11.698" endtime="20231120 17:39:17.750"/>
</kw>
<kw name="Go To Login Page" library="resource">
<kw name="Go To" library="SeleniumLibrary">
<arg>${LOGIN_URL}</arg>
<doc>Navigates the current browser window to the provided ``url``.</doc>
<msg timestamp="20231120 17:39:17.751" level="INFO">Opening url 'http://localhost:5001/login'</msg>
<status status="PASS" starttime="20231120 17:39:17.751" endtime="20231120 17:39:18.572"/>
</kw>
<status status="PASS" starttime="20231120 17:39:17.750" endtime="20231120 17:39:18.572"/>
</kw>
<kw name="Login Page Should Be Open" library="resource">
<kw name="Title Should Be" library="SeleniumLibrary">
<arg>Login</arg>
<doc>Verifies that the current page title equals ``title``.</doc>
<msg timestamp="20231120 17:39:19.075" level="INFO">Page title is 'Login'.</msg>
<status status="PASS" starttime="20231120 17:39:18.572" endtime="20231120 17:39:19.075"/>
</kw>
<status status="PASS" starttime="20231120 17:39:18.572" endtime="20231120 17:39:19.075"/>
</kw>
<status status="PASS" starttime="20231120 17:39:11.698" endtime="20231120 17:39:19.075"/>
</kw>
<kw name="Set Username">
<arg>kalle</arg>
<kw name="Input Text" library="SeleniumLibrary">
<arg>username</arg>
<arg>${username}</arg>
<doc>Types the given ``text`` into the text field identified by ``locator``.</doc>
<msg timestamp="20231120 17:39:19.075" level="INFO">Typing text 'kalle' into text field 'username'.</msg>
<status status="PASS" starttime="20231120 17:39:19.075" endtime="20231120 17:39:20.620"/>
</kw>
<status status="PASS" starttime="20231120 17:39:19.075" endtime="20231120 17:39:20.620"/>
</kw>
<kw name="Set Password">
<arg>kalle456</arg>
<kw name="Input Password" library="SeleniumLibrary">
<arg>password</arg>
<arg>${password}</arg>
<doc>Types the given password into the text field identified by ``locator``.</doc>
<msg timestamp="20231120 17:39:20.620" level="INFO">Typing password into text field 'password'.</msg>
<msg timestamp="20231120 17:39:21.642" level="INFO">Temporally setting log level to: NONE</msg>
<msg timestamp="20231120 17:39:22.166" level="INFO">Log level changed from NONE to INFO.</msg>
<status status="PASS" starttime="20231120 17:39:20.620" endtime="20231120 17:39:22.166"/>
</kw>
<status status="PASS" starttime="20231120 17:39:20.620" endtime="20231120 17:39:22.166"/>
</kw>
<kw name="Submit Credentials">
<kw name="Click Button" library="SeleniumLibrary">
<arg>Login</arg>
<doc>Clicks the button identified by ``locator``.</doc>
<msg timestamp="20231120 17:39:22.166" level="INFO">Clicking button 'Login'.</msg>
<status status="PASS" starttime="20231120 17:39:22.166" endtime="20231120 17:39:24.211"/>
</kw>
<status status="PASS" starttime="20231120 17:39:22.166" endtime="20231120 17:39:24.211"/>
</kw>
<kw name="Login Should Fail With Message">
<arg>Invalid username or password</arg>
<kw name="Login Page Should Be Open" library="resource">
<kw name="Title Should Be" library="SeleniumLibrary">
<arg>Login</arg>
<doc>Verifies that the current page title equals ``title``.</doc>
<msg timestamp="20231120 17:39:24.715" level="INFO">Page title is 'Login'.</msg>
<status status="PASS" starttime="20231120 17:39:24.211" endtime="20231120 17:39:24.715"/>
</kw>
<status status="PASS" starttime="20231120 17:39:24.211" endtime="20231120 17:39:24.715"/>
</kw>
<kw name="Page Should Contain" library="SeleniumLibrary">
<arg>${message}</arg>
<doc>Verifies that current page contains ``text``.</doc>
<msg timestamp="20231120 17:39:25.725" level="INFO">Current page contains text 'Invalid username or password'.</msg>
<status status="PASS" starttime="20231120 17:39:24.715" endtime="20231120 17:39:25.725"/>
</kw>
<status status="PASS" starttime="20231120 17:39:24.211" endtime="20231120 17:39:25.725"/>
</kw>
<status status="PASS" starttime="20231120 17:39:11.698" endtime="20231120 17:39:25.725"/>
</test>
<kw name="Close Browser" library="SeleniumLibrary" type="TEARDOWN">
<doc>Closes the current browser.</doc>
<status status="PASS" starttime="20231120 17:39:25.725" endtime="20231120 17:39:28.274"/>
</kw>
<status status="PASS" starttime="20231120 17:38:57.114" endtime="20231120 17:39:28.274"/>
</suite>
<status status="PASS" starttime="20231120 17:38:44.676" endtime="20231120 17:39:28.274"/>
</suite>
<statistics>
<total>
<stat pass="4" fail="0" skip="0">All Tests</stat>
</total>
<tag>
</tag>
<suite>
<stat pass="4" fail="0" skip="0" id="s1" name="Tests">Tests</stat>
<stat pass="2" fail="0" skip="0" id="s1-s1" name="Home">Tests.Home</stat>
<stat pass="2" fail="0" skip="0" id="s1-s2" name="Login">Tests.Login</stat>
</suite>
</statistics>
<errors>
</errors>
</robot>
