<?xml version="1.0" encoding="UTF-8"?>
<robot generator="Robot 6.1.1 (Python 3.11.0 on win32)" generated="20231120 15:14:33.873" rpa="false" schemaversion="4">
<suite id="s1" name="Tests" source="C:\Users\nikih\ohtupalautusrepo\viikko3\login-robot\src\tests">
<suite id="s1-s1" name="Login" source="C:\Users\nikih\ohtupalautusrepo\viikko3\login-robot\src\tests\login.robot">
<test id="s1-s1-t1" name="Login With Correct Credentials" line="6">
<kw name="Create User And Input Login Command" type="SETUP">
<kw name="Create User" library="AppLibrary">
<arg>kalle</arg>
<arg>kalle123</arg>
<status status="PASS" starttime="20231120 15:14:33.893" endtime="20231120 15:14:33.893"/>
</kw>
<kw name="Input Login Command" library="resource">
<kw name="Input" library="AppLibrary">
<arg>login</arg>
<status status="PASS" starttime="20231120 15:14:33.893" endtime="20231120 15:14:33.893"/>
</kw>
<status status="PASS" starttime="20231120 15:14:33.893" endtime="20231120 15:14:33.893"/>
</kw>
<status status="PASS" starttime="20231120 15:14:33.893" endtime="20231120 15:14:33.893"/>
</kw>
<kw name="Input Credentials" library="resource">
<arg>kalle</arg>
<arg>kalle123</arg>
<kw name="Input" library="AppLibrary">
<arg>${username}</arg>
<status status="PASS" starttime="20231120 15:14:33.894" endtime="20231120 15:14:33.894"/>
</kw>
<kw name="Input" library="AppLibrary">
<arg>${password}</arg>
<status status="PASS" starttime="20231120 15:14:33.894" endtime="20231120 15:14:33.894"/>
</kw>
<kw name="Run Application" library="AppLibrary">
<status status="PASS" starttime="20231120 15:14:33.894" endtime="20231120 15:14:33.894"/>
</kw>
<status status="PASS" starttime="20231120 15:14:33.893" endtime="20231120 15:14:33.894"/>
</kw>
<kw name="Output Should Contain" library="AppLibrary">
<arg>Logged in</arg>
<status status="PASS" starttime="20231120 15:14:33.894" endtime="20231120 15:14:33.894"/>
</kw>
<status status="PASS" starttime="20231120 15:14:33.893" endtime="20231120 15:14:33.894"/>
</test>
<test id="s1-s1-t2" name="Login With Incorrect Password" line="10">
<kw name="Create User And Input Login Command" type="SETUP">
<kw name="Create User" library="AppLibrary">
<arg>kalle</arg>
<arg>kalle123</arg>
<status status="PASS" starttime="20231120 15:14:33.895" endtime="20231120 15:14:33.895"/>
</kw>
<kw name="Input Login Command" library="resource">
<kw name="Input" library="AppLibrary">
<arg>login</arg>
<status status="PASS" starttime="20231120 15:14:33.895" endtime="20231120 15:14:33.895"/>
</kw>
<status status="PASS" starttime="20231120 15:14:33.895" endtime="20231120 15:14:33.895"/>
</kw>
<status status="PASS" starttime="20231120 15:14:33.894" endtime="20231120 15:14:33.895"/>
</kw>
<kw name="Input Credentials" library="resource">
<arg>kalle</arg>
<arg>kalle1234</arg>
<kw name="Input" library="AppLibrary">
<arg>${username}</arg>
<status status="PASS" starttime="20231120 15:14:33.895" endtime="20231120 15:14:33.895"/>
</kw>
<kw name="Input" library="AppLibrary">
<arg>${password}</arg>
<status status="PASS" starttime="20231120 15:14:33.895" endtime="20231120 15:14:33.895"/>
</kw>
<kw name="Run Application" library="AppLibrary">
<status status="PASS" starttime="20231120 15:14:33.895" endtime="20231120 15:14:33.895"/>
</kw>
<status status="PASS" starttime="20231120 15:14:33.895" endtime="20231120 15:14:33.895"/>
</kw>
<kw name="Output Should Contain" library="AppLibrary">
<arg>Invalid username or password</arg>
<status status="PASS" starttime="20231120 15:14:33.895" endtime="20231120 15:14:33.895"/>
</kw>
<status status="PASS" starttime="20231120 15:14:33.894" endtime="20231120 15:14:33.895"/>
</test>
<test id="s1-s1-t3" name="Login With Nonexistent Username" line="14">
<kw name="Create User And Input Login Command" type="SETUP">
<kw name="Create User" library="AppLibrary">
<arg>kalle</arg>
<arg>kalle123</arg>
<status status="PASS" starttime="20231120 15:14:33.896" endtime="20231120 15:14:33.896"/>
</kw>
<kw name="Input Login Command" library="resource">
<kw name="Input" library="AppLibrary">
<arg>login</arg>
<status status="PASS" starttime="20231120 15:14:33.896" endtime="20231120 15:14:33.896"/>
</kw>
<status status="PASS" starttime="20231120 15:14:33.896" endtime="20231120 15:14:33.896"/>
</kw>
<status status="PASS" starttime="20231120 15:14:33.896" endtime="20231120 15:14:33.896"/>
</kw>
<kw name="Input Credentials" library="resource">
<arg>kalle2</arg>
<arg>kalle123</arg>
<kw name="Input" library="AppLibrary">
<arg>${username}</arg>
<status status="PASS" starttime="20231120 15:14:33.896" endtime="20231120 15:14:33.896"/>
</kw>
<kw name="Input" library="AppLibrary">
<arg>${password}</arg>
<status status="PASS" starttime="20231120 15:14:33.896" endtime="20231120 15:14:33.896"/>
</kw>
<kw name="Run Application" library="AppLibrary">
<status status="PASS" starttime="20231120 15:14:33.896" endtime="20231120 15:14:33.896"/>
</kw>
<status status="PASS" starttime="20231120 15:14:33.896" endtime="20231120 15:14:33.896"/>
</kw>
<kw name="Output Should Contain" library="AppLibrary">
<arg>Invalid username or password</arg>
<status status="PASS" starttime="20231120 15:14:33.896" endtime="20231120 15:14:33.896"/>
</kw>
<status status="PASS" starttime="20231120 15:14:33.895" endtime="20231120 15:14:33.897"/>
</test>
<status status="PASS" starttime="20231120 15:14:33.886" endtime="20231120 15:14:33.897"/>
</suite>
<status status="PASS" starttime="20231120 15:14:33.873" endtime="20231120 15:14:33.897"/>
</suite>
<statistics>
<total>
<stat pass="3" fail="0" skip="0">All Tests</stat>
</total>
<tag>
</tag>
<suite>
<stat pass="3" fail="0" skip="0" id="s1" name="Tests">Tests</stat>
<stat pass="3" fail="0" skip="0" id="s1-s1" name="Login">Tests.Login</stat>
</suite>
</statistics>
<errors>
</errors>
</robot>
